[0.070s] DEBUG:colcon:Command line arguments: ['/usr/bin/colcon', 'build', '--merge-install']
[0.070s] DEBUG:colcon:Parsed command line arguments: Namespace(log_base=None, log_level=None, verb_name='build', build_base='build', install_base='install', merge_install=True, symlink_install=False, test_result_base=None, continue_on_error=False, executor='parallel', parallel_workers=12, event_handlers=None, ignore_user_meta=False, metas=['./colcon.meta'], base_paths=['.'], packages_ignore=None, packages_ignore_regex=None, paths=None, packages_up_to=None, packages_up_to_regex=None, packages_above=None, packages_above_and_dependencies=None, packages_above_depth=None, packages_select_by_dep=None, packages_skip_by_dep=None, packages_skip_up_to=None, packages_select_build_failed=False, packages_skip_build_finished=False, packages_select_test_failures=False, packages_skip_test_passed=False, packages_select=None, packages_skip=None, packages_select_regex=None, packages_skip_regex=None, packages_start=None, packages_end=None, allow_overriding=[], cmake_args=None, cmake_target=None, cmake_target_skip_unavailable=False, cmake_clean_cache=False, cmake_clean_first=False, cmake_force_configure=False, ament_cmake_args=None, catkin_cmake_args=None, catkin_skip_building_tests=False, mixin_files=None, mixin=None, verb_parser=<colcon_mixin.mixin.mixin_argument.MixinArgumentDecorator object at 0x719a0e14d690>, verb_extension=<colcon_core.verb.build.BuildVerb object at 0x719a0e14d150>, main=<bound method BuildVerb.main of <colcon_core.verb.build.BuildVerb object at 0x719a0e14d150>>, mixin_verb=('build',))
[0.157s] Level 1:colcon.colcon_core.package_discovery:discover_packages(colcon_meta) check parameters
[0.157s] Level 1:colcon.colcon_core.package_discovery:discover_packages(recursive) check parameters
[0.157s] Level 1:colcon.colcon_core.package_discovery:discover_packages(ignore) check parameters
[0.157s] Level 1:colcon.colcon_core.package_discovery:discover_packages(path) check parameters
[0.157s] Level 1:colcon.colcon_core.package_discovery:discover_packages(colcon_meta) discover
[0.157s] Level 1:colcon.colcon_core.package_discovery:discover_packages(recursive) discover
[0.157s] INFO:colcon.colcon_core.package_discovery:Crawling recursively for packages in '/home/lizhou/Desktop/Humanoid/H10_W/h10_sdk/H10w_controller'
[0.157s] Level 1:colcon.colcon_core.package_identification:_identify(.) by extensions ['ignore', 'ignore_ament_install']
[0.157s] Level 1:colcon.colcon_core.package_identification:_identify(.) by extension 'ignore'
[0.157s] Level 1:colcon.colcon_core.package_identification:_identify(.) by extension 'ignore_ament_install'
[0.157s] Level 1:colcon.colcon_core.package_identification:_identify(.) by extensions ['colcon_pkg']
[0.157s] Level 1:colcon.colcon_core.package_identification:_identify(.) by extension 'colcon_pkg'
[0.157s] Level 1:colcon.colcon_core.package_identification:_identify(.) by extensions ['colcon_meta']
[0.157s] Level 1:colcon.colcon_core.package_identification:_identify(.) by extension 'colcon_meta'
[0.157s] Level 1:colcon.colcon_core.package_identification:_identify(.) by extensions ['ros']
[0.157s] Level 1:colcon.colcon_core.package_identification:_identify(.) by extension 'ros'
[0.165s] DEBUG:colcon.colcon_core.package_identification:Package '.' with type 'ros.ament_cmake' and name 'h10w_controller_test'
[0.166s] Level 1:colcon.colcon_core.package_discovery:discover_packages(recursive) using defaults
[0.166s] Level 1:colcon.colcon_core.package_discovery:discover_packages(ignore) discover
[0.166s] Level 1:colcon.colcon_core.package_discovery:discover_packages(ignore) using defaults
[0.166s] Level 1:colcon.colcon_core.package_discovery:discover_packages(path) discover
[0.166s] Level 1:colcon.colcon_core.package_discovery:discover_packages(path) using defaults
[0.190s] Level 1:colcon.colcon_core.package_discovery:discover_packages(prefix_path) check parameters
[0.190s] Level 1:colcon.colcon_core.package_discovery:discover_packages(prefix_path) discover
[0.191s] WARNING:colcon.colcon_ros.prefix_path.ament:The path '/home/lizhou/Desktop/Humanoid/H10_W/h10_sdk/H10w_controller/install' in the environment variable AMENT_PREFIX_PATH doesn't contain any 'local_setup.*' files.
[0.191s] DEBUG:colcon.colcon_installed_package_information.package_discovery:Found 0 installed packages in /home/lizhou/Desktop/Humanoid/H10_W/h10_sdk/H10w_controller/install
[0.191s] DEBUG:colcon.colcon_installed_package_information.package_discovery:Found 1 installed packages in /home/lizhou/Desktop/Humanoid/H10_W/h10_sdk/H10w_controller/fastdds_ws/install
[0.192s] DEBUG:colcon.colcon_installed_package_information.package_discovery:Found 278 installed packages in /opt/ros/humble
[0.193s] Level 1:colcon.colcon_core.package_discovery:discover_packages(prefix_path) using defaults
[0.213s] Level 5:colcon.colcon_core.verb:set package 'h10w_controller_test' build argument 'cmake_args' from command line to 'None'
[0.213s] Level 5:colcon.colcon_core.verb:set package 'h10w_controller_test' build argument 'cmake_target' from command line to 'None'
[0.213s] Level 5:colcon.colcon_core.verb:set package 'h10w_controller_test' build argument 'cmake_target_skip_unavailable' from command line to 'False'
[0.213s] Level 5:colcon.colcon_core.verb:set package 'h10w_controller_test' build argument 'cmake_clean_cache' from command line to 'False'
[0.213s] Level 5:colcon.colcon_core.verb:set package 'h10w_controller_test' build argument 'cmake_clean_first' from command line to 'False'
[0.213s] Level 5:colcon.colcon_core.verb:set package 'h10w_controller_test' build argument 'cmake_force_configure' from command line to 'False'
[0.213s] Level 5:colcon.colcon_core.verb:set package 'h10w_controller_test' build argument 'ament_cmake_args' from command line to 'None'
[0.213s] Level 5:colcon.colcon_core.verb:set package 'h10w_controller_test' build argument 'catkin_cmake_args' from command line to 'None'
[0.213s] Level 5:colcon.colcon_core.verb:set package 'h10w_controller_test' build argument 'catkin_skip_building_tests' from command line to 'False'
[0.214s] DEBUG:colcon.colcon_core.verb:Building package 'h10w_controller_test' with the following arguments: {'ament_cmake_args': None, 'build_base': '/home/lizhou/Desktop/Humanoid/H10_W/h10_sdk/H10w_controller/build/h10w_controller_test', 'catkin_cmake_args': None, 'catkin_skip_building_tests': False, 'cmake_args': None, 'cmake_clean_cache': False, 'cmake_clean_first': False, 'cmake_force_configure': False, 'cmake_target': None, 'cmake_target_skip_unavailable': False, 'install_base': '/home/lizhou/Desktop/Humanoid/H10_W/h10_sdk/H10w_controller/install', 'merge_install': True, 'path': '/home/lizhou/Desktop/Humanoid/H10_W/h10_sdk/H10w_controller', 'symlink_install': False, 'test_result_base': None}
[0.214s] INFO:colcon.colcon_core.executor:Executing jobs using 'parallel' executor
[0.214s] DEBUG:colcon.colcon_parallel_executor.executor.parallel:run_until_complete
[0.215s] INFO:colcon.colcon_ros.task.ament_cmake.build:Building ROS package in '/home/lizhou/Desktop/Humanoid/H10_W/h10_sdk/H10w_controller' with build type 'ament_cmake'
[0.215s] INFO:colcon.colcon_cmake.task.cmake.build:Building CMake package in '/home/lizhou/Desktop/Humanoid/H10_W/h10_sdk/H10w_controller'
[0.216s] INFO:colcon.colcon_core.plugin_system:Skipping extension 'colcon_core.shell.bat': Not used on non-Windows systems
[0.217s] INFO:colcon.colcon_core.shell:Skip shell extension 'powershell' for command environment: Not usable outside of PowerShell
[0.217s] DEBUG:colcon.colcon_core.shell:Skip shell extension 'dsv' for command environment
[0.224s] DEBUG:colcon.colcon_core.event_handler.log_command:Invoking command in '/home/lizhou/Desktop/Humanoid/H10_W/h10_sdk/H10w_controller/build/h10w_controller_test': CMAKE_PREFIX_PATH=${CMAKE_PREFIX_PATH}:/opt/ros/humble /usr/bin/cmake /home/lizhou/Desktop/Humanoid/H10_W/h10_sdk/H10w_controller -DCMAKE_INSTALL_PREFIX=/home/lizhou/Desktop/Humanoid/H10_W/h10_sdk/H10w_controller/install
[1.641s] DEBUG:colcon.colcon_core.event_handler.log_command:Invoked command in '/home/lizhou/Desktop/Humanoid/H10_W/h10_sdk/H10w_controller/build/h10w_controller_test' returned '0': CMAKE_PREFIX_PATH=${CMAKE_PREFIX_PATH}:/opt/ros/humble /usr/bin/cmake /home/lizhou/Desktop/Humanoid/H10_W/h10_sdk/H10w_controller -DCMAKE_INSTALL_PREFIX=/home/lizhou/Desktop/Humanoid/H10_W/h10_sdk/H10w_controller/install
[1.643s] DEBUG:colcon.colcon_core.event_handler.log_command:Invoking command in '/home/lizhou/Desktop/Humanoid/H10_W/h10_sdk/H10w_controller/build/h10w_controller_test': CMAKE_PREFIX_PATH=${CMAKE_PREFIX_PATH}:/opt/ros/humble /usr/bin/cmake --build /home/lizhou/Desktop/Humanoid/H10_W/h10_sdk/H10w_controller/build/h10w_controller_test -- -j12 -l12
[60.868s] DEBUG:colcon.colcon_core.event_handler.log_command:Invoked command in '/home/lizhou/Desktop/Humanoid/H10_W/h10_sdk/H10w_controller/build/h10w_controller_test' returned '0': CMAKE_PREFIX_PATH=${CMAKE_PREFIX_PATH}:/opt/ros/humble /usr/bin/cmake --build /home/lizhou/Desktop/Humanoid/H10_W/h10_sdk/H10w_controller/build/h10w_controller_test -- -j12 -l12
[60.877s] DEBUG:colcon.colcon_core.event_handler.log_command:Invoking command in '/home/lizhou/Desktop/Humanoid/H10_W/h10_sdk/H10w_controller/build/h10w_controller_test': CMAKE_PREFIX_PATH=${CMAKE_PREFIX_PATH}:/opt/ros/humble /usr/bin/cmake --install /home/lizhou/Desktop/Humanoid/H10_W/h10_sdk/H10w_controller/build/h10w_controller_test
[60.896s] Level 1:colcon.colcon_core.environment:create_environment_scripts_only(h10w_controller_test)
[60.896s] DEBUG:colcon.colcon_core.event_handler.log_command:Invoked command in '/home/lizhou/Desktop/Humanoid/H10_W/h10_sdk/H10w_controller/build/h10w_controller_test' returned '0': CMAKE_PREFIX_PATH=${CMAKE_PREFIX_PATH}:/opt/ros/humble /usr/bin/cmake --install /home/lizhou/Desktop/Humanoid/H10_W/h10_sdk/H10w_controller/build/h10w_controller_test
[60.897s] Level 1:colcon.colcon_core.environment:checking '/home/lizhou/Desktop/Humanoid/H10_W/h10_sdk/H10w_controller/install' for CMake module files
[60.898s] Level 1:colcon.colcon_core.environment:checking '/home/lizhou/Desktop/Humanoid/H10_W/h10_sdk/H10w_controller/install' for CMake config files
[60.898s] Level 1:colcon.colcon_core.shell:create_environment_hook('h10w_controller_test', 'cmake_prefix_path')
[60.898s] INFO:colcon.colcon_core.shell:Creating environment hook '/home/lizhou/Desktop/Humanoid/H10_W/h10_sdk/H10w_controller/install/share/h10w_controller_test/hook/cmake_prefix_path.ps1'
[60.898s] INFO:colcon.colcon_core.shell:Creating environment descriptor '/home/lizhou/Desktop/Humanoid/H10_W/h10_sdk/H10w_controller/install/share/h10w_controller_test/hook/cmake_prefix_path.dsv'
[60.899s] INFO:colcon.colcon_core.shell:Creating environment hook '/home/lizhou/Desktop/Humanoid/H10_W/h10_sdk/H10w_controller/install/share/h10w_controller_test/hook/cmake_prefix_path.sh'
[60.899s] Level 1:colcon.colcon_core.environment:checking '/home/lizhou/Desktop/Humanoid/H10_W/h10_sdk/H10w_controller/install/lib'
[60.899s] Level 1:colcon.colcon_core.environment:checking '/home/lizhou/Desktop/Humanoid/H10_W/h10_sdk/H10w_controller/install/bin'
[60.900s] Level 1:colcon.colcon_core.environment:checking '/home/lizhou/Desktop/Humanoid/H10_W/h10_sdk/H10w_controller/install/lib/pkgconfig/h10w_controller_test.pc'
[60.900s] Level 1:colcon.colcon_core.environment:checking '/home/lizhou/Desktop/Humanoid/H10_W/h10_sdk/H10w_controller/install/lib/python3.10/site-packages'
[60.900s] Level 1:colcon.colcon_core.environment:checking '/home/lizhou/Desktop/Humanoid/H10_W/h10_sdk/H10w_controller/install/bin'
[60.900s] INFO:colcon.colcon_core.shell:Creating package script '/home/lizhou/Desktop/Humanoid/H10_W/h10_sdk/H10w_controller/install/share/h10w_controller_test/package.ps1'
[60.901s] INFO:colcon.colcon_core.shell:Creating package descriptor '/home/lizhou/Desktop/Humanoid/H10_W/h10_sdk/H10w_controller/install/share/h10w_controller_test/package.dsv'
[60.901s] INFO:colcon.colcon_core.shell:Creating package script '/home/lizhou/Desktop/Humanoid/H10_W/h10_sdk/H10w_controller/install/share/h10w_controller_test/package.sh'
[60.901s] INFO:colcon.colcon_core.shell:Creating package script '/home/lizhou/Desktop/Humanoid/H10_W/h10_sdk/H10w_controller/install/share/h10w_controller_test/package.bash'
[60.902s] INFO:colcon.colcon_core.shell:Creating package script '/home/lizhou/Desktop/Humanoid/H10_W/h10_sdk/H10w_controller/install/share/h10w_controller_test/package.zsh'
[60.902s] Level 1:colcon.colcon_core.environment:create_file_with_runtime_dependencies(/home/lizhou/Desktop/Humanoid/H10_W/h10_sdk/H10w_controller/install/share/colcon-core/packages/h10w_controller_test)
[60.903s] Level 1:colcon.colcon_core.environment:create_environment_scripts_only(h10w_controller_test)
[60.903s] Level 1:colcon.colcon_core.environment:checking '/home/lizhou/Desktop/Humanoid/H10_W/h10_sdk/H10w_controller/install' for CMake module files
[60.903s] Level 1:colcon.colcon_core.environment:checking '/home/lizhou/Desktop/Humanoid/H10_W/h10_sdk/H10w_controller/install' for CMake config files
[60.903s] Level 1:colcon.colcon_core.shell:create_environment_hook('h10w_controller_test', 'cmake_prefix_path')
[60.903s] INFO:colcon.colcon_core.shell:Creating environment hook '/home/lizhou/Desktop/Humanoid/H10_W/h10_sdk/H10w_controller/install/share/h10w_controller_test/hook/cmake_prefix_path.ps1'
[60.904s] INFO:colcon.colcon_core.shell:Creating environment descriptor '/home/lizhou/Desktop/Humanoid/H10_W/h10_sdk/H10w_controller/install/share/h10w_controller_test/hook/cmake_prefix_path.dsv'
[60.904s] INFO:colcon.colcon_core.shell:Creating environment hook '/home/lizhou/Desktop/Humanoid/H10_W/h10_sdk/H10w_controller/install/share/h10w_controller_test/hook/cmake_prefix_path.sh'
[60.904s] Level 1:colcon.colcon_core.environment:checking '/home/lizhou/Desktop/Humanoid/H10_W/h10_sdk/H10w_controller/install/lib'
[60.904s] Level 1:colcon.colcon_core.environment:checking '/home/lizhou/Desktop/Humanoid/H10_W/h10_sdk/H10w_controller/install/bin'
[60.904s] Level 1:colcon.colcon_core.environment:checking '/home/lizhou/Desktop/Humanoid/H10_W/h10_sdk/H10w_controller/install/lib/pkgconfig/h10w_controller_test.pc'
[60.905s] Level 1:colcon.colcon_core.environment:checking '/home/lizhou/Desktop/Humanoid/H10_W/h10_sdk/H10w_controller/install/lib/python3.10/site-packages'
[60.905s] Level 1:colcon.colcon_core.environment:checking '/home/lizhou/Desktop/Humanoid/H10_W/h10_sdk/H10w_controller/install/bin'
[60.905s] INFO:colcon.colcon_core.shell:Creating package script '/home/lizhou/Desktop/Humanoid/H10_W/h10_sdk/H10w_controller/install/share/h10w_controller_test/package.ps1'
[60.905s] INFO:colcon.colcon_core.shell:Creating package descriptor '/home/lizhou/Desktop/Humanoid/H10_W/h10_sdk/H10w_controller/install/share/h10w_controller_test/package.dsv'
[60.905s] INFO:colcon.colcon_core.shell:Creating package script '/home/lizhou/Desktop/Humanoid/H10_W/h10_sdk/H10w_controller/install/share/h10w_controller_test/package.sh'
[60.906s] INFO:colcon.colcon_core.shell:Creating package script '/home/lizhou/Desktop/Humanoid/H10_W/h10_sdk/H10w_controller/install/share/h10w_controller_test/package.bash'
[60.906s] INFO:colcon.colcon_core.shell:Creating package script '/home/lizhou/Desktop/Humanoid/H10_W/h10_sdk/H10w_controller/install/share/h10w_controller_test/package.zsh'
[60.906s] Level 1:colcon.colcon_core.environment:create_file_with_runtime_dependencies(/home/lizhou/Desktop/Humanoid/H10_W/h10_sdk/H10w_controller/install/share/colcon-core/packages/h10w_controller_test)
[60.906s] DEBUG:colcon.colcon_parallel_executor.executor.parallel:closing loop
[60.907s] DEBUG:colcon.colcon_parallel_executor.executor.parallel:loop closed
[60.907s] DEBUG:colcon.colcon_parallel_executor.executor.parallel:run_until_complete finished with '0'
[60.907s] DEBUG:colcon.colcon_core.event_reactor:joining thread
[60.910s] INFO:colcon.colcon_core.plugin_system:Skipping extension 'colcon_notification.desktop_notification.terminal_notifier': Not used on non-Darwin systems
[60.910s] INFO:colcon.colcon_core.plugin_system:Skipping extension 'colcon_notification.desktop_notification.win32': Not used on non-Windows systems
[60.910s] INFO:colcon.colcon_notification.desktop_notification:Sending desktop notification using 'notify2'
[60.921s] DEBUG:colcon.colcon_core.event_reactor:joined thread
[60.922s] INFO:colcon.colcon_core.shell:Creating prefix script '/home/lizhou/Desktop/Humanoid/H10_W/h10_sdk/H10w_controller/install/local_setup.ps1'
[60.922s] INFO:colcon.colcon_core.shell:Creating prefix util module '/home/lizhou/Desktop/Humanoid/H10_W/h10_sdk/H10w_controller/install/_local_setup_util_ps1.py'
[60.923s] INFO:colcon.colcon_core.shell:Creating prefix chain script '/home/lizhou/Desktop/Humanoid/H10_W/h10_sdk/H10w_controller/install/setup.ps1'
[60.924s] INFO:colcon.colcon_core.shell:Creating prefix script '/home/lizhou/Desktop/Humanoid/H10_W/h10_sdk/H10w_controller/install/local_setup.sh'
[60.924s] INFO:colcon.colcon_core.shell:Creating prefix util module '/home/lizhou/Desktop/Humanoid/H10_W/h10_sdk/H10w_controller/install/_local_setup_util_sh.py'
[60.925s] INFO:colcon.colcon_core.shell:Creating prefix chain script '/home/lizhou/Desktop/Humanoid/H10_W/h10_sdk/H10w_controller/install/setup.sh'
[60.926s] INFO:colcon.colcon_core.shell:Creating prefix script '/home/lizhou/Desktop/Humanoid/H10_W/h10_sdk/H10w_controller/install/local_setup.bash'
[60.926s] INFO:colcon.colcon_core.shell:Creating prefix chain script '/home/lizhou/Desktop/Humanoid/H10_W/h10_sdk/H10w_controller/install/setup.bash'
[60.926s] INFO:colcon.colcon_core.shell:Creating prefix script '/home/lizhou/Desktop/Humanoid/H10_W/h10_sdk/H10w_controller/install/local_setup.zsh'
[60.927s] INFO:colcon.colcon_core.shell:Creating prefix chain script '/home/lizhou/Desktop/Humanoid/H10_W/h10_sdk/H10w_controller/install/setup.zsh'
